<?xml version="1.0" encoding="UTF-8"?>
<!-- Generated by org.testng.reporters.JUnitReportReporter -->
<testsuite hostname="ML-VenkateswaraG-PC" failures="0" tests="1" name="com.UIFrameWork.A" time="1.444" errors="0" timestamp="30 Oct 2018 10:57:58 GMT" skipped="0">
  <testcase classname="com.UIFrameWork.A" name="testLogin" time="1.444"/>
</testsuite> <!-- com.UIFrameWork.A -->
