<?xml version="1.0" encoding="UTF-8"?>
<!-- Generated by org.testng.reporters.JUnitReportReporter -->
<testsuite hostname="ML-VenkateswaraG-PC" failures="0" tests="1" name="com.UIFrameWork.Motivity.TestFrame.TestScripts.TestScreenshot" time="5.766" errors="0" timestamp="30 Oct 2018 10:57:58 GMT" skipped="0">
  <testcase classname="com.UIFrameWork.Motivity.TestFrame.TestScripts.TestScreenshot" name="testScreen" time="5.766"/>
</testsuite> <!-- com.UIFrameWork.Motivity.TestFrame.TestScripts.TestScreenshot -->
